<?xml version="1.0" encoding="UTF-8"?>
<!-- Generated by org.testng.reporters.JUnitReportReporter -->
<testsuite hostname="LAPTOP-D0S4ISVA" failures="0" tests="2" name="mavenGroupId.mavenArtifactId_1.TestConfiguration" time="0.004" errors="0" timestamp="24 Jun 2018 09:30:36 GMT" skipped="0">
  <testcase classname="mavenGroupId.mavenArtifactId_1.TestConfiguration" name="runTest1" time="0.003"/>
  <testcase classname="mavenGroupId.mavenArtifactId_1.TestConfiguration" name="runTest2" time="0.001"/>
</testsuite> <!-- mavenGroupId.mavenArtifactId_1.TestConfiguration -->
