<?xml version="1.0" encoding="UTF-8"?>
<!-- Generated by org.testng.reporters.JUnitReportReporter -->
<testsuite hostname="LAPTOP-D0S4ISVA" failures="0" tests="2" name="mavenGroupId.mavenArtifactId_1.TestNG_Class" time="0.006" errors="0" timestamp="24 Jun 2018 08:24:30 GMT" skipped="0">
  <testcase classname="mavenGroupId.mavenArtifactId_1.TestNG_Class" name="f" time="0.000"/>
  <testcase classname="mavenGroupId.mavenArtifactId_1.TestNG_Class" name="f" time="0.006"/>
</testsuite> <!-- mavenGroupId.mavenArtifactId_1.TestNG_Class -->
