<?xml version="1.0" encoding="UTF-8"?>
<!-- Generated by org.testng.reporters.JUnitReportReporter -->
<testsuite hostname="LAPTOP-D0S4ISVA" failures="0" tests="4" name="mavenGroupId.mavenArtifactId_1.TestDBConnection" time="0.006" errors="0" timestamp="24 Jun 2018 09:30:36 GMT" skipped="0">
  <testcase classname="mavenGroupId.mavenArtifactId_1.TestDBConnection" name="runOtherTest1" time="0.002"/>
  <testcase classname="mavenGroupId.mavenArtifactId_1.TestDBConnection" name="runOtherTest2" time="0.001"/>
  <testcase classname="mavenGroupId.mavenArtifactId_1.TestDBConnection" name="runOtherTest1" time="0.001"/>
  <testcase classname="mavenGroupId.mavenArtifactId_1.TestDBConnection" name="runOtherTest2" time="0.002"/>
</testsuite> <!-- mavenGroupId.mavenArtifactId_1.TestDBConnection -->
