<?xml version="1.0" encoding="UTF-8"?>
<!-- Generated by org.testng.reporters.JUnitReportReporter -->
<testsuite hostname="LAPTOP-D0S4ISVA" failures="0" tests="1" name="mavenGroupId.mavenArtifactId_1.TestHelloWorld" time="0.010" errors="0" timestamp="24 Jun 2018 08:45:52 GMT" skipped="0">
  <testcase classname="mavenGroupId.mavenArtifactId_1.TestHelloWorld" name="testEmailGenerator" time="0.010"/>
</testsuite> <!-- mavenGroupId.mavenArtifactId_1.TestHelloWorld -->
